

Processing Rails::InfoController#properties (for 127.0.0.1 at 2010-05-18 14:41:11) [GET]
  [4;36;1mSQL (0.4ms)[0m   [0;1m SELECT name
 FROM sqlite_master
 WHERE type = 'table' AND NOT name = 'sqlite_sequence'
[0m
Completed in 80ms (View: 3, DB: 0) | 200 OK [http://localhost/rails/info/properties]


Processing ApplicationController#index (for 127.0.0.1 at 2010-05-18 14:41:41) [GET]

ActionController::RoutingError (No route matches "/public/jqtouch/demos/igithub/index.html" with {:method=>:get}):
  

Rendering rescues/layout (not_found)


Processing ApplicationController#index (for 127.0.0.1 at 2010-05-18 14:42:04) [GET]

ActionController::RoutingError (No route matches "/public/jqtouch/demos/igithub/index.html" with {:method=>:get}):
  

Rendering rescues/layout (not_found)


Processing ApplicationController#index (for 127.0.0.1 at 2010-05-18 14:42:33) [GET]

ActionController::RoutingError (No route matches "/public/jqtouch/demos/igithub/" with {:method=>:get}):
  

Rendering rescues/layout (not_found)


Processing ApplicationController#index (for 127.0.0.1 at 2010-05-18 14:42:42) [GET]

ActionController::RoutingError (No route matches "/jqtouch/demos/igithub/jqtouch.png" with {:method=>:get}):
  

Rendering rescues/layout (not_found)


Processing ApplicationController#index (for 127.0.0.1 at 2010-05-18 14:46:56) [GET]

ActionController::RoutingError (No route matches "/jqtouch/demos/igithub/jqtouch.png" with {:method=>:get}):
  

Rendering rescues/layout (not_found)


Processing ApplicationController#index (for 127.0.0.1 at 2010-05-18 14:57:40) [GET]

ActionController::RoutingError (No route matches "/jqtouch/demos/igithub/ajax.html" with {:method=>:get}):
  

Rendering rescues/layout (not_found)


Processing ApplicationController#index (for 127.0.0.1 at 2010-05-18 14:57:44) [GET]

ActionController::RoutingError (No route matches "/jqtouch/demos/igithub/ajax.html" with {:method=>:get}):
  

Rendering rescues/layout (not_found)


Processing ApplicationController#index (for 127.0.0.1 at 2010-05-18 14:57:56) [GET]

ActionController::RoutingError (No route matches "/jqtouch/demos/igithub/ajax.html" with {:method=>:get}):
  

Rendering rescues/layout (not_found)


Processing ApplicationController#index (for 127.0.0.1 at 2010-05-18 14:57:57) [GET]

ActionController::RoutingError (No route matches "/jqtouch/demos/igithub/ajax.html" with {:method=>:get}):
  

Rendering rescues/layout (not_found)


Processing ApplicationController#index (for 127.0.0.1 at 2010-05-18 14:57:57) [GET]

ActionController::RoutingError (No route matches "/jqtouch/demos/igithub/ajax.html" with {:method=>:get}):
  

Rendering rescues/layout (not_found)


Processing ApplicationController#index (for 127.0.0.1 at 2010-05-18 14:58:18) [GET]

ActionController::RoutingError (No route matches "/themes/jqt/theme.min.css" with {:method=>:get}):
  

Rendering rescues/layout (not_found)


Processing ApplicationController#index (for 127.0.0.1 at 2010-05-18 14:58:18) [GET]

ActionController::RoutingError (No route matches "/jqtouch/jquery.1.3.2.min.js" with {:method=>:get}):
  

Rendering rescues/layout (not_found)


Processing ApplicationController#index (for 127.0.0.1 at 2010-05-18 14:58:18) [GET]

ActionController::RoutingError (No route matches "/jqtouch/jqtouch.min.js" with {:method=>:get}):
  

Rendering rescues/layout (not_found)


Processing ApplicationController#index (for 127.0.0.1 at 2010-05-18 14:58:18) [GET]

ActionController::RoutingError (No route matches "/jqtouch/jqtouch.min.css" with {:method=>:get}):
  

Rendering rescues/layout (not_found)


Processing ApplicationController#index (for 127.0.0.1 at 2010-05-18 14:58:18) [GET]

ActionController::RoutingError (No route matches "/jqtouch/demos/jqtouch.png" with {:method=>:get}):
  

Rendering rescues/layout (not_found)


Processing ApplicationController#index (for 127.0.0.1 at 2010-05-18 15:12:59) [GET]

ActionController::RoutingError (No route matches "/jqtouch/demos/igithub/jqtouch.png" with {:method=>:get}):
  

Rendering rescues/layout (not_found)
  [4;36;1mSQL (0.2ms)[0m   [0;1m SELECT name
 FROM sqlite_master
 WHERE type = 'table' AND NOT name = 'sqlite_sequence'
[0m
  [4;35;1mSQL (0.2ms)[0m   [0mselect sqlite_version(*)[0m
  [4;36;1mSQL (1.3ms)[0m   [0;1mCREATE TABLE "schema_migrations" ("version" varchar(255) NOT NULL) [0m
  [4;35;1mSQL (1.1ms)[0m   [0mCREATE UNIQUE INDEX "unique_schema_migrations" ON "schema_migrations" ("version")[0m
  [4;36;1mSQL (0.2ms)[0m   [0;1m SELECT name
 FROM sqlite_master
 WHERE type = 'table' AND NOT name = 'sqlite_sequence'
[0m
  [4;35;1mSQL (0.1ms)[0m   [0mSELECT version FROM schema_migrations[0m
Migrating to CreateDemos (20100523121133)
  [4;36;1mSQL (0.4ms)[0m   [0;1mCREATE TABLE "demos" ("id" INTEGER PRIMARY KEY AUTOINCREMENT NOT NULL, "title" varchar(255), "body" text, "created_at" datetime, "updated_at" datetime) [0m
  [4;35;1mSQL (0.1ms)[0m   [0mINSERT INTO schema_migrations (version) VALUES ('20100523121133')[0m
  [4;36;1mSQL (0.4ms)[0m   [0;1m SELECT name
 FROM sqlite_master
 WHERE type = 'table' AND NOT name = 'sqlite_sequence'
[0m
  [4;35;1mSQL (0.2ms)[0m   [0mSELECT version FROM schema_migrations[0m
  [4;36;1mSQL (0.2ms)[0m   [0;1m SELECT name
 FROM sqlite_master
 WHERE type = 'table' AND NOT name = 'sqlite_sequence'
[0m
  [4;35;1mSQL (0.1ms)[0m   [0mPRAGMA index_list("demos")[0m


Processing GithubController#home (for 127.0.0.1 at 2010-05-23 22:42:26) [GET]
Rendering template within layouts/application
Rendering github/home
Completed in 43ms (View: 40, DB: 0) | 200 OK [http://localhost/github/home]


Processing ApplicationController#index (for 127.0.0.1 at 2010-05-23 22:42:26) [GET]

ActionController::RoutingError (No route matches "/javascripts/jqtouch/extensions/jqt.autotitles.js" with {:method=>:get}):
  

Rendering rescues/layout (not_found)


Processing ApplicationController#index (for 127.0.0.1 at 2010-05-23 22:42:26) [GET]

ActionController::RoutingError (No route matches "/stylesheets/jqtouch/jqtouch/jqtouch.min.css" with {:method=>:get}):
  

Rendering rescues/layout (not_found)


Processing ApplicationController#index (for 127.0.0.1 at 2010-05-23 22:42:26) [GET]

ActionController::RoutingError (No route matches "/javascripts/jqtouch/jqtouch/jquery.1.3.2.min.js" with {:method=>:get}):
  

Rendering rescues/layout (not_found)


Processing ApplicationController#index (for 127.0.0.1 at 2010-05-23 22:42:26) [GET]

ActionController::RoutingError (No route matches "/javascripts/jqtouch/jqtouch/jqtouch.min.js" with {:method=>:get}):
  

Rendering rescues/layout (not_found)


Processing ApplicationController#index (for 127.0.0.1 at 2010-05-23 22:42:26) [GET]

ActionController::RoutingError (No route matches "/stylesheets/jqtouch/themes/apple/theme.min.css" with {:method=>:get}):
  

Rendering rescues/layout (not_found)


Processing GithubController#home (for 127.0.0.1 at 2010-05-23 22:45:24) [GET]
Rendering template within layouts/application
Rendering github/home
Completed in 39ms (View: 36, DB: 0) | 200 OK [http://localhost/]


Processing ApplicationController#index (for 127.0.0.1 at 2010-05-23 22:45:24) [GET]

ActionController::RoutingError (No route matches "/javascripts/jqtouch/jqtouch/jqtouch.min.js" with {:method=>:get}):
  

Rendering rescues/layout (not_found)


Processing ApplicationController#index (for 127.0.0.1 at 2010-05-23 22:45:25) [GET]

ActionController::RoutingError (No route matches "/stylesheets/jqtouch/jqtouch/jqtouch.min.css" with {:method=>:get}):
  

Rendering rescues/layout (not_found)


Processing ApplicationController#index (for 127.0.0.1 at 2010-05-23 22:45:25) [GET]

ActionController::RoutingError (No route matches "/javascripts/jqtouch/jqtouch/jquery.1.3.2.min.js" with {:method=>:get}):
  

Rendering rescues/layout (not_found)


Processing ApplicationController#index (for 127.0.0.1 at 2010-05-23 22:45:25) [GET]

ActionController::RoutingError (No route matches "/javascripts/jqtouch/extensions/jqt.autotitles.js" with {:method=>:get}):
  

Rendering rescues/layout (not_found)


Processing ApplicationController#index (for 127.0.0.1 at 2010-05-23 22:45:25) [GET]

ActionController::RoutingError (No route matches "/stylesheets/jqtouch/themes/apple/theme.min.css" with {:method=>:get}):
  

Rendering rescues/layout (not_found)


Processing GithubController#home (for 127.0.0.1 at 2010-05-23 22:46:04) [GET]
Rendering template within layouts/application
Rendering github/home
Completed in 16ms (View: 12, DB: 0) | 200 OK [http://localhost/]


Processing ApplicationController#index (for 127.0.0.1 at 2010-05-23 22:46:26) [GET]

ActionController::RoutingError (No route matches "/ajax.html" with {:method=>:get}):
  

Rendering rescues/layout (not_found)


Processing GithubController#home (for 127.0.0.1 at 2010-05-23 22:46:57) [GET]
Rendering template within layouts/application
Rendering github/home
Completed in 16ms (View: 13, DB: 0) | 200 OK [http://localhost/]


Processing ApplicationController#index (for 127.0.0.1 at 2010-05-23 22:49:17) [GET]

ActionController::RoutingError (No route matches "/demo" with {:method=>:get}):
  

Rendering rescues/layout (not_found)


Processing DemosController#index (for 127.0.0.1 at 2010-05-23 22:49:21) [GET]
  [4;36;1mDemo Load (0.4ms)[0m   [0;1mSELECT * FROM "demos" [0m
Rendering template within layouts/demos
Rendering demos/index
Completed in 61ms (View: 52, DB: 0) | 200 OK [http://localhost/demos]


Processing GithubController#home (for 127.0.0.1 at 2010-05-23 22:56:44) [GET]
Rendering template within layouts/application
Rendering github/home
Completed in 16ms (View: 13, DB: 0) | 200 OK [http://localhost/]


Processing GithubController#home (for 127.0.0.1 at 2010-05-23 23:00:09) [GET]
Rendering template within layouts/application
Rendering github/home
Completed in 16ms (View: 13, DB: 0) | 200 OK [http://localhost/]


Processing GithubController#home (for 127.0.0.1 at 2010-05-23 23:00:49) [GET]
Rendering template within layouts/application
Rendering github/home
Completed in 16ms (View: 13, DB: 0) | 200 OK [http://localhost/]


Processing GithubController#home (for 127.0.0.1 at 2010-05-23 23:03:16) [GET]
Rendering template within layouts/application
Rendering github/home
Completed in 16ms (View: 13, DB: 0) | 200 OK [http://localhost/]


Processing GithubController#home (for 127.0.0.1 at 2010-05-23 23:03:32) [GET]
Rendering template within layouts/application
Rendering github/home
Completed in 16ms (View: 13, DB: 0) | 200 OK [http://localhost/]


Processing GithubController#home (for 127.0.0.1 at 2010-05-23 23:06:17) [GET]
Rendering template within layouts/application
Rendering github/home
Completed in 16ms (View: 13, DB: 0) | 200 OK [http://localhost/]


Processing GithubController#home (for 127.0.0.1 at 2010-05-23 23:11:12) [GET]
Rendering template within layouts/application
Rendering github/home
Completed in 16ms (View: 13, DB: 0) | 200 OK [http://localhost/]


Processing GithubController#home (for 127.0.0.1 at 2010-05-23 23:12:06) [GET]
Rendering template within layouts/application
Rendering github/home
Completed in 16ms (View: 13, DB: 0) | 200 OK [http://localhost/]


Processing GithubController#home (for 127.0.0.1 at 2010-05-23 23:12:37) [GET]
Rendering template within layouts/application
Rendering github/home
Completed in 16ms (View: 12, DB: 0) | 200 OK [http://localhost/]


Processing GithubController#home (for 127.0.0.1 at 2010-05-23 23:14:48) [GET]
Rendering template within layouts/application
Rendering github/home
Completed in 16ms (View: 13, DB: 0) | 200 OK [http://localhost/]


Processing GithubController#home (for 127.0.0.1 at 2010-05-23 23:14:54) [GET]
Rendering template within layouts/application
Rendering github/home
Completed in 7ms (View: 4, DB: 0) | 200 OK [http://localhost/]


Processing GithubController#home (for 127.0.0.1 at 2010-05-24 16:18:00) [GET]
Rendering template within layouts/application
Rendering github/home
Completed in 48ms (View: 44, DB: 0) | 200 OK [http://localhost/]


Processing GithubController#home (for 127.0.0.1 at 2010-05-24 16:38:47) [GET]
Rendering template within layouts/application
Rendering github/home
Completed in 7ms (View: 4, DB: 0) | 200 OK [http://localhost/]


Processing GithubController#home (for 127.0.0.1 at 2010-05-24 16:39:26) [GET]
Rendering template within layouts/application
Rendering github/home
Completed in 7ms (View: 4, DB: 0) | 200 OK [http://localhost/]


Processing GithubController#home (for 127.0.0.1 at 2010-05-24 16:40:13) [GET]
Rendering template within layouts/application
Rendering github/home
Completed in 7ms (View: 4, DB: 0) | 200 OK [http://localhost/]


Processing GithubController#home (for 127.0.0.1 at 2010-05-24 16:41:05) [GET]
Rendering template within layouts/application
Rendering github/home
Completed in 7ms (View: 4, DB: 0) | 200 OK [http://localhost/]


Processing GithubController#home (for 127.0.0.1 at 2010-05-24 16:42:41) [GET]
Rendering template within layouts/application
Rendering github/home
Completed in 7ms (View: 4, DB: 0) | 200 OK [http://localhost/]


Processing GithubController#home (for 127.0.0.1 at 2010-05-24 16:43:43) [GET]
Rendering template within layouts/application
Rendering github/home
Completed in 7ms (View: 4, DB: 0) | 200 OK [http://localhost/]


Processing GithubController#home (for 127.0.0.1 at 2010-05-24 17:06:57) [GET]
Rendering template within layouts/application
Rendering github/home
Completed in 7ms (View: 4, DB: 0) | 200 OK [http://localhost/]


Processing GithubController#home (for 127.0.0.1 at 2010-05-24 17:08:12) [GET]
Rendering template within layouts/application
Rendering github/home
Completed in 7ms (View: 4, DB: 0) | 200 OK [http://localhost/]


Processing GithubController#home (for 127.0.0.1 at 2010-05-24 17:09:21) [GET]
Rendering template within layouts/application
Rendering github/home
Completed in 7ms (View: 4, DB: 0) | 200 OK [http://localhost/]


Processing GithubController#home (for 127.0.0.1 at 2010-05-24 17:09:53) [GET]
Rendering template within layouts/application
Rendering github/home
Completed in 7ms (View: 4, DB: 0) | 200 OK [http://localhost/]


Processing GithubController#home (for 127.0.0.1 at 2010-05-24 17:10:41) [GET]
Rendering template within layouts/application
Rendering github/home
Completed in 7ms (View: 4, DB: 0) | 200 OK [http://localhost/]


Processing GithubController#home (for 127.0.0.1 at 2010-05-24 17:12:03) [GET]
Rendering template within layouts/application
Rendering github/home
Completed in 7ms (View: 4, DB: 0) | 200 OK [http://localhost/]


Processing GithubController#home (for 127.0.0.1 at 2010-05-25 10:43:58) [GET]
Rendering template within layouts/application
Rendering github/home
Completed in 109ms (View: 104, DB: 0) | 200 OK [http://localhost/]


Processing GithubController#home (for 127.0.0.1 at 2010-05-25 11:27:39) [GET]
Rendering template within layouts/application
Rendering github/home
Completed in 7ms (View: 4, DB: 0) | 200 OK [http://localhost/]


Processing GithubController#home (for 127.0.0.1 at 2010-05-25 11:28:00) [GET]
Rendering template within layouts/application
Rendering github/home
Completed in 7ms (View: 4, DB: 0) | 200 OK [http://localhost/]


Processing GithubController#home (for 127.0.0.1 at 2010-05-25 11:38:41) [GET]
Rendering template within layouts/application
Rendering github/home
Completed in 7ms (View: 4, DB: 0) | 200 OK [http://localhost/]


Processing GithubController#home (for 127.0.0.1 at 2010-05-25 11:39:26) [GET]
Rendering template within layouts/application
Rendering github/home
Completed in 7ms (View: 4, DB: 0) | 200 OK [http://localhost/]


Processing GithubController#home (for 127.0.0.1 at 2010-05-25 11:41:38) [GET]
Rendering template within layouts/application
Rendering github/home
Completed in 7ms (View: 4, DB: 0) | 200 OK [http://localhost/]


Processing GithubController#home (for 127.0.0.1 at 2010-05-25 11:43:38) [GET]
Rendering template within layouts/application
Rendering github/home
Completed in 7ms (View: 4, DB: 0) | 200 OK [http://localhost/]


Processing GithubController#home (for 127.0.0.1 at 2010-05-25 11:52:29) [GET]
Rendering template within layouts/application
Rendering github/home
Completed in 7ms (View: 4, DB: 0) | 200 OK [http://localhost/]


Processing GithubController#home (for 127.0.0.1 at 2010-05-25 12:02:30) [GET]
Rendering template within layouts/application
Rendering github/home
Completed in 7ms (View: 4, DB: 0) | 200 OK [http://localhost/]


Processing GithubController#home (for 127.0.0.1 at 2010-05-25 12:09:54) [GET]
Rendering template within layouts/application
Rendering github/home
Completed in 7ms (View: 4, DB: 0) | 200 OK [http://localhost/]


Processing GithubController#home (for 127.0.0.1 at 2010-05-25 12:10:28) [GET]
Rendering template within layouts/application
Rendering github/home
Completed in 7ms (View: 4, DB: 0) | 200 OK [http://localhost/]


Processing GithubController#home (for 127.0.0.1 at 2010-05-25 12:11:01) [GET]
Rendering template within layouts/application
Rendering github/home
Completed in 7ms (View: 4, DB: 0) | 200 OK [http://localhost/]


Processing GithubController#home (for 127.0.0.1 at 2010-05-25 12:13:39) [GET]
Rendering template within layouts/application
Rendering github/home
Completed in 7ms (View: 4, DB: 0) | 200 OK [http://localhost/]


Processing GithubController#home (for 127.0.0.1 at 2010-05-25 12:14:16) [GET]
Rendering template within layouts/application
Rendering github/home
Completed in 7ms (View: 4, DB: 0) | 200 OK [http://localhost/]


Processing GithubController#home (for 127.0.0.1 at 2010-05-25 12:14:17) [GET]
Rendering template within layouts/application
Rendering github/home
Completed in 7ms (View: 4, DB: 0) | 200 OK [http://localhost/]


Processing GithubController#home (for 127.0.0.1 at 2010-05-25 12:15:21) [GET]
Rendering template within layouts/application
Rendering github/home
Completed in 7ms (View: 4, DB: 0) | 200 OK [http://localhost/]


Processing GithubController#home (for 127.0.0.1 at 2010-05-25 12:21:53) [GET]
Rendering template within layouts/application
Rendering github/home
Completed in 7ms (View: 4, DB: 0) | 200 OK [http://localhost/]


Processing GithubController#home (for 127.0.0.1 at 2010-05-25 12:23:08) [GET]
Rendering template within layouts/application
Rendering github/home
Completed in 7ms (View: 4, DB: 0) | 200 OK [http://localhost/]


Processing GithubController#home (for 127.0.0.1 at 2010-05-25 12:25:04) [GET]
Rendering template within layouts/application
Rendering github/home
Completed in 7ms (View: 4, DB: 0) | 200 OK [http://localhost/]


Processing GithubController#home (for 127.0.0.1 at 2010-05-25 12:25:32) [GET]
Rendering template within layouts/application
Rendering github/home
Completed in 7ms (View: 4, DB: 0) | 200 OK [http://localhost/]


Processing GithubController#home (for 127.0.0.1 at 2010-05-25 12:27:00) [GET]
Rendering template within layouts/application
Rendering github/home
Completed in 7ms (View: 4, DB: 0) | 200 OK [http://localhost/]


Processing GithubController#home (for 127.0.0.1 at 2010-05-25 12:31:01) [GET]
Rendering template within layouts/application
Rendering github/home
Completed in 7ms (View: 4, DB: 0) | 200 OK [http://localhost/]


Processing GithubController#home (for 127.0.0.1 at 2010-05-25 12:31:57) [GET]
Rendering template within layouts/application
Rendering github/home
Completed in 7ms (View: 4, DB: 0) | 200 OK [http://localhost/]


Processing GithubController#home (for 127.0.0.1 at 2010-05-25 12:32:45) [GET]
Rendering template within layouts/application
Rendering github/home
Completed in 7ms (View: 4, DB: 0) | 200 OK [http://localhost/]


Processing GithubController#home (for 127.0.0.1 at 2010-05-25 13:47:24) [GET]
Rendering template within layouts/application
Rendering github/home
Completed in 7ms (View: 4, DB: 0) | 200 OK [http://localhost/]


Processing GithubController#home (for 127.0.0.1 at 2010-05-25 13:47:45) [GET]
Rendering template within layouts/application
Rendering github/home
Completed in 7ms (View: 4, DB: 0) | 200 OK [http://localhost/]


Processing GithubController#home (for 127.0.0.1 at 2010-05-25 13:49:38) [GET]
Rendering template within layouts/application
Rendering github/home
Completed in 7ms (View: 4, DB: 0) | 200 OK [http://localhost/]


Processing GithubController#home (for 127.0.0.1 at 2010-05-25 13:50:37) [GET]
Rendering template within layouts/application
Rendering github/home
Completed in 7ms (View: 4, DB: 0) | 200 OK [http://localhost/]


Processing GithubController#home (for 127.0.0.1 at 2010-05-25 13:51:23) [GET]
Rendering template within layouts/application
Rendering github/home
Completed in 7ms (View: 4, DB: 0) | 200 OK [http://localhost/]


Processing GithubController#home (for 127.0.0.1 at 2010-05-25 13:51:33) [GET]
Rendering template within layouts/application
Rendering github/home
Completed in 7ms (View: 4, DB: 0) | 200 OK [http://localhost/]


Processing GithubController#home (for 127.0.0.1 at 2010-05-25 14:20:38) [GET]
Rendering template within layouts/application
Rendering github/home
Completed in 7ms (View: 4, DB: 0) | 200 OK [http://localhost/]


Processing GithubController#home (for 127.0.0.1 at 2010-05-25 14:22:12) [GET]
Rendering template within layouts/application
Rendering github/home
Completed in 7ms (View: 4, DB: 0) | 200 OK [http://localhost/]


Processing GithubController#home (for 127.0.0.1 at 2010-05-25 14:29:25) [GET]
Rendering template within layouts/application
Rendering github/home
Completed in 7ms (View: 4, DB: 0) | 200 OK [http://localhost/]


Processing GithubController#home (for 127.0.0.1 at 2010-05-25 14:31:33) [GET]
Rendering template within layouts/application
Rendering github/home
Completed in 7ms (View: 4, DB: 0) | 200 OK [http://localhost/]


Processing GithubController#home (for 127.0.0.1 at 2010-05-25 14:36:35) [GET]
Rendering template within layouts/application
Rendering github/home
Completed in 7ms (View: 4, DB: 0) | 200 OK [http://localhost/]


Processing GithubController#home (for 127.0.0.1 at 2010-05-25 14:37:15) [GET]
Rendering template within layouts/application
Rendering github/home
Completed in 7ms (View: 4, DB: 0) | 200 OK [http://localhost/]


Processing GithubController#home (for 127.0.0.1 at 2010-05-25 14:37:53) [GET]
Rendering template within layouts/application
Rendering github/home
Completed in 7ms (View: 4, DB: 0) | 200 OK [http://localhost/]


Processing GithubController#home (for 127.0.0.1 at 2010-05-25 14:38:42) [GET]
Rendering template within layouts/application
Rendering github/home
Completed in 7ms (View: 4, DB: 0) | 200 OK [http://localhost/]


Processing GithubController#home (for 127.0.0.1 at 2010-05-25 14:51:21) [GET]
Rendering template within layouts/application
Rendering github/home
Completed in 7ms (View: 4, DB: 0) | 200 OK [http://localhost/]


Processing GithubController#home (for 127.0.0.1 at 2010-05-25 14:56:02) [GET]
Rendering template within layouts/application
Rendering github/home
Completed in 7ms (View: 4, DB: 0) | 200 OK [http://localhost/]


Processing GithubController#home (for 127.0.0.1 at 2010-05-25 14:56:44) [GET]
Rendering template within layouts/application
Rendering github/home
Completed in 7ms (View: 4, DB: 0) | 200 OK [http://localhost/]


Processing GithubController#home (for 127.0.0.1 at 2010-05-25 14:58:24) [GET]
Rendering template within layouts/application
Rendering github/home
Completed in 7ms (View: 4, DB: 0) | 200 OK [http://localhost/]


Processing GithubController#home (for 127.0.0.1 at 2010-05-25 14:59:52) [GET]
Rendering template within layouts/application
Rendering github/home
Completed in 7ms (View: 4, DB: 0) | 200 OK [http://localhost/]


Processing GithubController#home (for 127.0.0.1 at 2010-05-25 15:04:54) [GET]
Rendering template within layouts/application
Rendering github/home
Completed in 7ms (View: 4, DB: 0) | 200 OK [http://localhost/]


Processing GithubController#home (for 127.0.0.1 at 2010-05-25 15:05:27) [GET]
Rendering template within layouts/application
Rendering github/home
Completed in 7ms (View: 4, DB: 0) | 200 OK [http://localhost/]


Processing GithubController#home (for 127.0.0.1 at 2010-05-25 15:06:21) [GET]
Rendering template within layouts/application
Rendering github/home
Completed in 7ms (View: 4, DB: 0) | 200 OK [http://localhost/]


Processing GithubController#home (for 127.0.0.1 at 2010-05-25 15:07:05) [GET]
Rendering template within layouts/application
Rendering github/home
Completed in 7ms (View: 4, DB: 0) | 200 OK [http://localhost/]


Processing GithubController#home (for 127.0.0.1 at 2010-05-25 15:08:30) [GET]
Rendering template within layouts/application
Rendering github/home
Completed in 7ms (View: 4, DB: 0) | 200 OK [http://localhost/]


Processing GithubController#home (for 127.0.0.1 at 2010-05-25 17:50:07) [GET]
Rendering template within layouts/application
Rendering github/home
Completed in 7ms (View: 4, DB: 0) | 200 OK [http://localhost/]


Processing GithubController#home (for 127.0.0.1 at 2010-05-25 17:52:04) [GET]
Rendering template within layouts/application
Rendering github/home
Completed in 7ms (View: 4, DB: 0) | 200 OK [http://localhost/]


Processing GithubController#home (for 127.0.0.1 at 2010-05-26 00:26:27) [GET]
Rendering template within layouts/application
Rendering github/home
Completed in 98ms (View: 95, DB: 0) | 200 OK [http://localhost/]


Processing GithubController#home (for 127.0.0.1 at 2010-05-26 01:54:50) [GET]
Rendering template within layouts/application
Rendering github/home
Completed in 7ms (View: 4, DB: 0) | 200 OK [http://localhost/]


Processing GithubController#home (for 127.0.0.1 at 2010-05-26 01:55:03) [GET]
Rendering template within layouts/application
Rendering github/home
Completed in 7ms (View: 4, DB: 0) | 200 OK [http://localhost/]


Processing GithubController#home (for 127.0.0.1 at 2010-05-26 01:55:15) [GET]
Rendering template within layouts/application
Rendering github/home
Completed in 7ms (View: 4, DB: 0) | 200 OK [http://localhost/]


Processing GithubController#home (for 127.0.0.1 at 2010-05-26 01:56:39) [GET]
Rendering template within layouts/application
Rendering github/home
Completed in 7ms (View: 4, DB: 0) | 200 OK [http://localhost/]


Processing GithubController#home (for 127.0.0.1 at 2010-05-26 01:57:38) [GET]
Rendering template within layouts/application
Rendering github/home
Completed in 7ms (View: 4, DB: 0) | 200 OK [http://localhost/]


Processing GithubController#home (for 127.0.0.1 at 2010-05-26 01:57:48) [GET]
Rendering template within layouts/application
Rendering github/home
Completed in 7ms (View: 4, DB: 0) | 200 OK [http://localhost/]


Processing GithubController#home (for 127.0.0.1 at 2010-05-26 01:59:32) [GET]
Rendering template within layouts/application
Rendering github/home
Completed in 7ms (View: 4, DB: 0) | 200 OK [http://localhost/]


Processing GithubController#home (for 127.0.0.1 at 2010-05-26 02:01:39) [GET]
Rendering template within layouts/application
Rendering github/home
Completed in 7ms (View: 4, DB: 0) | 200 OK [http://localhost/]


Processing GithubController#home (for 127.0.0.1 at 2010-05-26 02:05:07) [GET]
Rendering template within layouts/application
Rendering github/home
Completed in 7ms (View: 4, DB: 0) | 200 OK [http://localhost/]


Processing GithubController#home (for 127.0.0.1 at 2010-05-26 02:05:25) [GET]
Rendering template within layouts/application
Rendering github/home
Completed in 7ms (View: 4, DB: 0) | 200 OK [http://localhost/]


Processing GithubController#home (for 127.0.0.1 at 2010-05-26 02:15:41) [GET]
Rendering template within layouts/application
Rendering github/home
Completed in 16ms (View: 13, DB: 0) | 200 OK [http://localhost/]


Processing GithubController#home (for 127.0.0.1 at 2010-05-26 02:16:05) [GET]
Rendering template within layouts/application
Rendering github/home
Completed in 7ms (View: 4, DB: 0) | 200 OK [http://localhost/]


Processing GithubController#home (for 127.0.0.1 at 2010-05-26 02:25:16) [GET]
Rendering template within layouts/application
Rendering github/home
Completed in 16ms (View: 13, DB: 0) | 200 OK [http://localhost/]


Processing GithubController#home (for 127.0.0.1 at 2010-05-26 02:39:26) [GET]
Rendering template within layouts/application
Rendering github/home
Completed in 7ms (View: 4, DB: 0) | 200 OK [http://localhost/]


Processing GithubController#home (for 127.0.0.1 at 2010-05-26 02:39:40) [GET]
Rendering template within layouts/application
Rendering github/home
Completed in 7ms (View: 4, DB: 0) | 200 OK [http://localhost/]


Processing GithubController#home (for 127.0.0.1 at 2010-05-26 02:40:54) [GET]
Rendering template within layouts/application
Rendering github/home
Completed in 7ms (View: 4, DB: 0) | 200 OK [http://localhost/]


Processing GithubController#home (for 127.0.0.1 at 2010-05-26 02:44:18) [GET]
Rendering template within layouts/application
Rendering github/home
Completed in 7ms (View: 4, DB: 0) | 200 OK [http://localhost/]


Processing GithubController#home (for 127.0.0.1 at 2010-05-26 02:45:03) [GET]
Rendering template within layouts/application
Rendering github/home
Completed in 7ms (View: 4, DB: 0) | 200 OK [http://localhost/]


Processing ApplicationController#index (for 127.0.0.1 at 2010-05-26 02:45:06) [GET]

ActionController::RoutingError (No route matches "/stylesheets/screen.css" with {:method=>:get}):
  

Rendering rescues/layout (not_found)


Processing GithubController#home (for 127.0.0.1 at 2010-05-26 02:55:40) [GET]
Rendering template within layouts/application
Rendering github/home
Completed in 7ms (View: 4, DB: 0) | 200 OK [http://localhost/]


Processing GithubController#home (for 127.0.0.1 at 2010-05-26 02:56:31) [GET]
Rendering template within layouts/application
Rendering github/home
Completed in 7ms (View: 4, DB: 0) | 200 OK [http://localhost/]


Processing GithubController#home (for 127.0.0.1 at 2010-05-26 02:57:18) [GET]
Rendering template within layouts/application
Rendering github/home
Completed in 7ms (View: 4, DB: 0) | 200 OK [http://localhost/]


Processing GithubController#home (for 127.0.0.1 at 2010-05-26 03:02:57) [GET]
Rendering template within layouts/application
Rendering github/home
Completed in 7ms (View: 4, DB: 0) | 200 OK [http://localhost/]


Processing GithubController#home (for 127.0.0.1 at 2010-05-26 03:05:12) [GET]
Rendering template within layouts/application
Rendering github/home
Completed in 7ms (View: 4, DB: 0) | 200 OK [http://localhost/]


Processing GithubController#home (for 127.0.0.1 at 2010-05-26 03:11:37) [GET]
Rendering template within layouts/application
Rendering github/home
Completed in 7ms (View: 4, DB: 0) | 200 OK [http://localhost/]


Processing GithubController#home (for 127.0.0.1 at 2010-05-26 04:03:31) [GET]
Rendering template within layouts/application
Rendering github/home
Completed in 17ms (View: 13, DB: 0) | 200 OK [http://localhost/]


Processing GithubController#home (for 127.0.0.1 at 2010-05-26 04:04:26) [GET]
Rendering template within layouts/application
Rendering github/home
Completed in 7ms (View: 4, DB: 0) | 200 OK [http://localhost/]


Processing GithubController#home (for 127.0.0.1 at 2010-05-26 04:06:01) [GET]
Rendering template within layouts/application
Rendering github/home
Completed in 18ms (View: 15, DB: 0) | 200 OK [http://localhost/]


Processing ApplicationController#index (for 127.0.0.1 at 2010-05-26 04:06:01) [GET]

ActionController::RoutingError (No route matches "/stylesheets/screen.css" with {:method=>:get}):
  

Rendering rescues/layout (not_found)


Processing ApplicationController#index (for 127.0.0.1 at 2010-05-26 04:06:01) [GET]

ActionController::RoutingError (No route matches "/stylesheets/screen.css" with {:method=>:get}):
  

Rendering rescues/layout (not_found)


Processing GithubController#home (for 127.0.0.1 at 2010-05-26 04:06:25) [GET]
Rendering template within layouts/application
Rendering github/home
Completed in 70ms (View: 67, DB: 0) | 200 OK [http://localhost/]


Processing GithubController#home (for 127.0.0.1 at 2010-05-26 04:08:44) [GET]
Rendering template within layouts/application
Rendering github/home
Completed in 18ms (View: 15, DB: 0) | 200 OK [http://localhost/]


Processing GithubController#home (for 127.0.0.1 at 2010-05-26 04:11:17) [GET]
Rendering template within layouts/application
Rendering github/home
Completed in 17ms (View: 13, DB: 0) | 200 OK [http://localhost/]


Processing GithubController#home (for 127.0.0.1 at 2010-05-26 04:11:39) [GET]
Rendering template within layouts/application
Rendering github/home
Completed in 7ms (View: 4, DB: 0) | 200 OK [http://localhost/]


Processing GithubController#home (for 127.0.0.1 at 2010-05-26 04:24:37) [GET]
Rendering template within layouts/application
Rendering github/home
Completed in 7ms (View: 4, DB: 0) | 200 OK [http://localhost/]


Processing GithubController#home (for 127.0.0.1 at 2010-05-26 04:25:10) [GET]
Rendering template within layouts/application
Rendering github/home
Completed in 8ms (View: 5, DB: 0) | 200 OK [http://localhost/]


Processing GithubController#home (for 127.0.0.1 at 2010-05-26 04:25:32) [GET]
Rendering template within layouts/application
Rendering github/home
Completed in 7ms (View: 4, DB: 0) | 200 OK [http://localhost/]


Processing GithubController#home (for 127.0.0.1 at 2010-05-26 04:27:11) [GET]
Rendering template within layouts/application
Rendering github/home
Completed in 7ms (View: 4, DB: 0) | 200 OK [http://localhost/]


Processing GithubController#home (for 127.0.0.1 at 2010-05-26 04:28:31) [GET]
Rendering template within layouts/application
Rendering github/home
Completed in 7ms (View: 4, DB: 0) | 200 OK [http://localhost/]


Processing GithubController#home (for 127.0.0.1 at 2010-05-26 04:29:48) [GET]
Rendering template within layouts/application
Rendering github/home
Completed in 7ms (View: 4, DB: 0) | 200 OK [http://localhost/]


Processing GithubController#home (for 127.0.0.1 at 2010-05-26 04:30:16) [GET]
Rendering template within layouts/application
Rendering github/home
Completed in 58ms (View: 4, DB: 0) | 200 OK [http://localhost/]


Processing GithubController#home (for 127.0.0.1 at 2010-05-26 04:31:40) [GET]
Rendering template within layouts/application
Rendering github/home
Completed in 8ms (View: 4, DB: 0) | 200 OK [http://localhost/]


Processing GithubController#home (for 127.0.0.1 at 2010-05-26 04:36:32) [GET]
Rendering template within layouts/application
Rendering github/home
Completed in 7ms (View: 4, DB: 0) | 200 OK [http://localhost/]


Processing GithubController#home (for 127.0.0.1 at 2010-05-26 04:38:44) [GET]
Rendering template within layouts/application
Rendering github/home
Completed in 7ms (View: 4, DB: 0) | 200 OK [http://localhost/]


Processing GithubController#home (for 127.0.0.1 at 2010-05-26 04:39:15) [GET]
Rendering template within layouts/application
Rendering github/home
Completed in 7ms (View: 4, DB: 0) | 200 OK [http://localhost/]


Processing GithubController#home (for 127.0.0.1 at 2010-05-26 05:03:02) [GET]
Rendering template within layouts/application
Rendering github/home
Completed in 7ms (View: 4, DB: 0) | 200 OK [http://localhost/]


Processing GithubController#home (for 127.0.0.1 at 2010-05-26 05:03:30) [GET]
Rendering template within layouts/application
Rendering github/home
Completed in 7ms (View: 4, DB: 0) | 200 OK [http://localhost/]


Processing GithubController#home (for 127.0.0.1 at 2010-05-26 05:07:21) [GET]
Rendering template within layouts/application
Rendering github/home
Completed in 7ms (View: 4, DB: 0) | 200 OK [http://localhost/]


Processing GithubController#home (for 127.0.0.1 at 2010-05-26 05:10:44) [GET]
Rendering template within layouts/application
Rendering github/home
Completed in 7ms (View: 4, DB: 0) | 200 OK [http://localhost/]


Processing GithubController#home (for 127.0.0.1 at 2010-05-26 05:11:05) [GET]
Rendering template within layouts/application
Rendering github/home
Completed in 7ms (View: 4, DB: 0) | 200 OK [http://localhost/]


Processing GithubController#home (for 127.0.0.1 at 2010-05-26 05:36:28) [GET]
Rendering template within layouts/application
Rendering github/home
Completed in 8ms (View: 4, DB: 0) | 200 OK [http://localhost/]


Processing GithubController#home (for 127.0.0.1 at 2010-05-28 20:12:40) [GET]
Rendering template within layouts/application
Rendering github/home
Completed in 78ms (View: 75, DB: 0) | 200 OK [http://localhost/]


Processing GithubController#home (for 127.0.0.1 at 2010-05-28 20:37:37) [GET]
Rendering template within layouts/application
Rendering github/home
Completed in 8ms (View: 4, DB: 0) | 200 OK [http://localhost/]


Processing GithubController#home (for 127.0.0.1 at 2010-05-28 20:47:03) [GET]
Rendering template within layouts/application
Rendering github/home
Completed in 7ms (View: 4, DB: 0) | 200 OK [http://localhost/]


Processing GithubController#home (for 127.0.0.1 at 2010-05-28 20:47:24) [GET]
Rendering template within layouts/application
Rendering github/home
Completed in 64ms (View: 4, DB: 0) | 200 OK [http://localhost/]


Processing GithubController#home (for 127.0.0.1 at 2010-05-28 22:03:32) [GET]
Rendering template within layouts/application
Rendering github/home
Completed in 7ms (View: 4, DB: 0) | 200 OK [http://localhost/]


Processing GithubController#home (for 127.0.0.1 at 2010-05-28 22:04:33) [GET]
Rendering template within layouts/application
Rendering github/home
Completed in 8ms (View: 4, DB: 0) | 200 OK [http://localhost/]


Processing GithubController#home (for 127.0.0.1 at 2010-05-28 22:05:13) [GET]
Rendering template within layouts/application
Rendering github/home
Completed in 8ms (View: 4, DB: 0) | 200 OK [http://localhost/]


Processing GithubController#home (for 127.0.0.1 at 2010-05-28 22:05:56) [GET]
Rendering template within layouts/application
Rendering github/home
Completed in 8ms (View: 4, DB: 0) | 200 OK [http://localhost/]


Processing GithubController#home (for 127.0.0.1 at 2010-05-28 22:08:43) [GET]
Rendering template within layouts/application
Rendering github/home
Completed in 8ms (View: 4, DB: 0) | 200 OK [http://localhost/]


Processing GithubController#home (for 127.0.0.1 at 2010-05-28 22:11:41) [GET]
Rendering template within layouts/application
Rendering github/home
Completed in 7ms (View: 4, DB: 0) | 200 OK [http://localhost/]


Processing GithubController#home (for 127.0.0.1 at 2010-05-28 22:12:40) [GET]
Rendering template within layouts/application
Rendering github/home
Completed in 7ms (View: 4, DB: 0) | 200 OK [http://localhost/]


Processing GithubController#home (for 127.0.0.1 at 2010-05-28 22:18:08) [GET]
Rendering template within layouts/application
Rendering github/home
Completed in 7ms (View: 4, DB: 0) | 200 OK [http://localhost/]


Processing GithubController#home (for 127.0.0.1 at 2010-05-28 22:20:59) [GET]
Rendering template within layouts/application
Rendering github/home
Completed in 7ms (View: 4, DB: 0) | 200 OK [http://localhost/]


Processing GithubController#home (for 127.0.0.1 at 2010-05-28 22:21:08) [GET]
Rendering template within layouts/application
Rendering github/home
Completed in 7ms (View: 4, DB: 0) | 200 OK [http://localhost/]


Processing GithubController#home (for 127.0.0.1 at 2010-05-28 22:21:17) [GET]
Rendering template within layouts/application
Rendering github/home
Completed in 8ms (View: 4, DB: 0) | 200 OK [http://localhost/]


Processing GithubController#home (for 127.0.0.1 at 2010-05-28 22:21:34) [GET]
Rendering template within layouts/application
Rendering github/home
Completed in 7ms (View: 4, DB: 0) | 200 OK [http://localhost/]


Processing GithubController#home (for 127.0.0.1 at 2010-05-28 22:21:55) [GET]
Rendering template within layouts/application
Rendering github/home
Completed in 7ms (View: 4, DB: 0) | 200 OK [http://localhost/]


Processing GithubController#home (for 127.0.0.1 at 2010-05-28 22:22:10) [GET]
Rendering template within layouts/application
Rendering github/home
Completed in 7ms (View: 4, DB: 0) | 200 OK [http://localhost/]


Processing GithubController#home (for 127.0.0.1 at 2010-05-28 22:24:14) [GET]
Rendering template within layouts/application
Rendering github/home
Completed in 7ms (View: 4, DB: 0) | 200 OK [http://localhost/]


Processing GithubController#home (for 127.0.0.1 at 2010-05-28 22:24:47) [GET]
Rendering template within layouts/application
Rendering github/home
Completed in 7ms (View: 4, DB: 0) | 200 OK [http://localhost/]


Processing GithubController#home (for 127.0.0.1 at 2010-05-28 23:46:15) [GET]
Rendering template within layouts/application
Rendering github/home
Completed in 7ms (View: 4, DB: 0) | 200 OK [http://localhost/]
